  Cpp_project.cpp
C:\Users\OFFICE\Desktop\list_practice\Cpp_project\Cpp_project\Cpp_project.cpp(34,35): warning C4311: '형식 캐스트': 'T'에서 'unsigned int'(으)로 포인터가 잘립니다.
C:\Users\OFFICE\Desktop\list_practice\Cpp_project\Cpp_project\Cpp_project.cpp(34,35): warning C4311:         with
C:\Users\OFFICE\Desktop\list_practice\Cpp_project\Cpp_project\Cpp_project.cpp(34,35): warning C4311:         [
C:\Users\OFFICE\Desktop\list_practice\Cpp_project\Cpp_project\Cpp_project.cpp(34,35): warning C4311:             T=const char *
C:\Users\OFFICE\Desktop\list_practice\Cpp_project\Cpp_project\Cpp_project.cpp(34,35): warning C4311:         ]
      C:\Users\OFFICE\Desktop\list_practice\Cpp_project\Cpp_project\Cpp_project.cpp(34,35):
      템플릿 인스턴스화 컨텍스트(가장 오래된 인스턴스화 컨텍스트)가
          C:\Users\OFFICE\Desktop\list_practice\Cpp_project\Cpp_project\Cpp_project.cpp(94,33):
          컴파일되는 클래스 템플릿 인스턴스화 'HashTable<const char *,int>'에 대한 참조를 확인하세요.
          C:\Users\OFFICE\Desktop\list_practice\Cpp_project\Cpp_project\Cpp_project.cpp(49,10):
          클래스 템플릿 멤버 함수 'void HashTable<const char *,int>::insert(KEY,VALUE)'을(를) 컴파일하는 중입니다.
          with
          [
              KEY=const char *,
              VALUE=int
          ]
              C:\Users\OFFICE\Desktop\list_practice\Cpp_project\Cpp_project\Cpp_project.cpp(95,21):
              'main'에서 'HashTable<const char *,int>::insert'에 대한 첫 번째 참조를 확인하세요.
          C:\Users\OFFICE\Desktop\list_practice\Cpp_project\Cpp_project\Cpp_project.cpp(52,25):
          컴파일되는 함수 템플릿 인스턴스화 'const int &HashTable<const char *,int>::hash_function<KEY>(T)'에 대한 참조를 확인하세요.
          with
          [
              KEY=const char *,
              T=const char *
          ]
  
C:\Users\OFFICE\Desktop\list_practice\Cpp_project\Cpp_project\Cpp_project.cpp(34,35): warning C4302: '형식 캐스트': 'T'에서 'unsigned int'(으)로 잘립니다.
C:\Users\OFFICE\Desktop\list_practice\Cpp_project\Cpp_project\Cpp_project.cpp(34,35): warning C4302:         with
C:\Users\OFFICE\Desktop\list_practice\Cpp_project\Cpp_project\Cpp_project.cpp(34,35): warning C4302:         [
C:\Users\OFFICE\Desktop\list_practice\Cpp_project\Cpp_project\Cpp_project.cpp(34,35): warning C4302:             T=const char *
C:\Users\OFFICE\Desktop\list_practice\Cpp_project\Cpp_project\Cpp_project.cpp(34,35): warning C4302:         ]
C:\Users\OFFICE\Desktop\list_practice\Cpp_project\Cpp_project\Cpp_project.cpp(37,1): warning C4172: 지역 변수 또는 임시 의 주소를 반환하는 중
  Cpp_project.vcxproj -> C:\Users\OFFICE\Desktop\list_practice\Cpp_project\x64\Debug\Cpp_project.exe
